0 info it worked if it ends with ok
1 verbose cli [ '/Users/akash_UI/.nvm/versions/node/v0.12.2/bin/node',
1 verbose cli   '/Users/akash_UI/.nvm/versions/node/v0.12.2/bin/npm',
1 verbose cli   'start' ]
2 info using npm@2.7.4
3 info using node@v0.12.2
4 verbose run-script [ 'prestart', 'start', 'poststart' ]
5 info prestart chat@0.0.1
6 info start chat@0.0.1
7 verbose unsafe-perm in lifecycle true
8 info chat@0.0.1 Failed to exec start script
9 verbose stack Error: chat@0.0.1 start: `node server.js`
9 verbose stack Exit status 1
9 verbose stack     at EventEmitter.<anonymous> (/Users/akash_UI/.nvm/versions/node/v0.12.2/lib/node_modules/npm/lib/utils/lifecycle.js:213:16)
9 verbose stack     at EventEmitter.emit (events.js:110:17)
9 verbose stack     at ChildProcess.<anonymous> (/Users/akash_UI/.nvm/versions/node/v0.12.2/lib/node_modules/npm/lib/utils/spawn.js:14:12)
9 verbose stack     at ChildProcess.emit (events.js:110:17)
9 verbose stack     at maybeClose (child_process.js:1015:16)
9 verbose stack     at Process.ChildProcess._handle.onexit (child_process.js:1087:5)
10 verbose pkgid chat@0.0.1
11 verbose cwd /Users/akash_UI/Desktop/project/myApp/advanced-chat
12 error Darwin 14.4.0
13 error argv "/Users/akash_UI/.nvm/versions/node/v0.12.2/bin/node" "/Users/akash_UI/.nvm/versions/node/v0.12.2/bin/npm" "start"
14 error node v0.12.2
15 error npm  v2.7.4
16 error code ELIFECYCLE
17 error chat@0.0.1 start: `node server.js`
17 error Exit status 1
18 error Failed at the chat@0.0.1 start script 'node server.js'.
18 error This is most likely a problem with the chat package,
18 error not with npm itself.
18 error Tell the author that this fails on your system:
18 error     node server.js
18 error You can get their info via:
18 error     npm owner ls chat
18 error There is likely additional logging output above.
19 verbose exit [ 1, true ]
